{"C:\\Users\\PC DBN\\Desktop\\programming\\unfinished\\rest_api_node_ts_server\\src\\router.ts": {"path":"C:\\Users\\PC DBN\\Desktop\\programming\\unfinished\\rest_api_node_ts_server\\src\\router.ts","statementMap":{"0":{"start":{"line":1,"column":0},"end":{"line":1,"column":33}},"1":{"start":{"line":2,"column":0},"end":{"line":2,"column":null}},"2":{"start":{"line":10,"column":0},"end":{"line":10,"column":48}},"3":{"start":{"line":11,"column":0},"end":{"line":11,"column":49}},"4":{"start":{"line":13,"column":15},"end":{"line":13,"column":23}},"5":{"start":{"line":16,"column":0},"end":{"line":16,"column":29}},"6":{"start":{"line":17,"column":0},"end":{"line":22,"column":2}},"7":{"start":{"line":24,"column":0},"end":{"line":36,"column":2}},"8":{"start":{"line":32,"column":21},"end":{"line":32,"column":30}},"9":{"start":{"line":38,"column":0},"end":{"line":54,"column":2}},"10":{"start":{"line":47,"column":21},"end":{"line":47,"column":30}},"11":{"start":{"line":56,"column":0},"end":{"line":62,"column":2}},"12":{"start":{"line":64,"column":0},"end":{"line":69,"column":2}},"13":{"start":{"line":70,"column":0},"end":{"line":70,"column":22}}},"fnMap":{"0":{"name":"(anonymous_0)","decl":{"start":{"line":32,"column":12},"end":{"line":32,"column":17}},"loc":{"start":{"line":32,"column":21},"end":{"line":32,"column":30}}},"1":{"name":"(anonymous_1)","decl":{"start":{"line":47,"column":12},"end":{"line":47,"column":17}},"loc":{"start":{"line":47,"column":21},"end":{"line":47,"column":30}}}},"branchMap":{},"s":{"0":2,"1":2,"2":2,"3":2,"4":2,"5":2,"6":2,"7":2,"8":4,"9":2,"10":4,"11":2,"12":2,"13":2},"f":{"0":4,"1":4},"b":{}}
,"C:\\Users\\PC DBN\\Desktop\\programming\\unfinished\\rest_api_node_ts_server\\src\\server.ts": {"path":"C:\\Users\\PC DBN\\Desktop\\programming\\unfinished\\rest_api_node_ts_server\\src\\server.ts","statementMap":{"0":{"start":{"line":6,"column":0},"end":{"line":6,"column":22}},"1":{"start":{"line":1,"column":0},"end":{"line":1,"column":30}},"2":{"start":{"line":2,"column":0},"end":{"line":2,"column":30}},"3":{"start":{"line":3,"column":0},"end":{"line":3,"column":36}},"4":{"start":{"line":7,"column":2},"end":{"line":13,"column":3}},"5":{"start":{"line":8,"column":4},"end":{"line":8,"column":35}},"6":{"start":{"line":9,"column":4},"end":{"line":9,"column":21}},"7":{"start":{"line":12,"column":4},"end":{"line":12,"column":53}},"8":{"start":{"line":15,"column":0},"end":{"line":15,"column":12}},"9":{"start":{"line":18,"column":15},"end":{"line":18,"column":24}},"10":{"start":{"line":20,"column":0},"end":{"line":20,"column":27}},"11":{"start":{"line":22,"column":0},"end":{"line":22,"column":36}},"12":{"start":{"line":25,"column":0},"end":{"line":27,"column":3}},"13":{"start":{"line":26,"column":2},"end":{"line":26,"column":33}},"14":{"start":{"line":28,"column":0},"end":{"line":28,"column":22}}},"fnMap":{"0":{"name":"connectDB","decl":{"start":{"line":6,"column":22},"end":{"line":6,"column":31}},"loc":{"start":{"line":6,"column":31},"end":{"line":14,"column":null}}},"1":{"name":"(anonymous_10)","decl":{"start":{"line":25,"column":19},"end":{"line":25,"column":20}},"loc":{"start":{"line":25,"column":32},"end":{"line":27,"column":1}}}},"branchMap":{},"s":{"0":2,"1":2,"2":2,"3":2,"4":3,"5":3,"6":2,"7":1,"8":2,"9":2,"10":2,"11":2,"12":2,"13":1,"14":2},"f":{"0":3,"1":1},"b":{}}
,"C:\\Users\\PC DBN\\Desktop\\programming\\unfinished\\rest_api_node_ts_server\\src\\config\\db.ts": {"path":"C:\\Users\\PC DBN\\Desktop\\programming\\unfinished\\rest_api_node_ts_server\\src\\config\\db.ts","statementMap":{"0":{"start":{"line":1,"column":0},"end":{"line":1,"column":49}},"1":{"start":{"line":2,"column":0},"end":{"line":2,"column":28}},"2":{"start":{"line":3,"column":0},"end":{"line":3,"column":16}},"3":{"start":{"line":5,"column":18},"end":{"line":8,"column":2}},"4":{"start":{"line":10,"column":0},"end":{"line":10,"column":25}}},"fnMap":{},"branchMap":{},"s":{"0":2,"1":2,"2":2,"3":2,"4":2},"f":{},"b":{}}
,"C:\\Users\\PC DBN\\Desktop\\programming\\unfinished\\rest_api_node_ts_server\\src\\handlers\\product.ts": {"path":"C:\\Users\\PC DBN\\Desktop\\programming\\unfinished\\rest_api_node_ts_server\\src\\handlers\\product.ts","statementMap":{"0":{"start":{"line":2,"column":0},"end":{"line":2,"column":46}},"1":{"start":{"line":4,"column":29},"end":{"line":10,"column":2}},"2":{"start":{"line":7,"column":19},"end":{"line":10,"column":2}},"3":{"start":{"line":8,"column":18},"end":{"line":8,"column":48}},"4":{"start":{"line":9,"column":2},"end":{"line":9,"column":42}},"5":{"start":{"line":4,"column":13},"end":{"line":4,"column":29}},"6":{"start":{"line":12,"column":27},"end":{"line":20,"column":2}},"7":{"start":{"line":15,"column":19},"end":{"line":20,"column":2}},"8":{"start":{"line":16,"column":19},"end":{"line":18,"column":4}},"9":{"start":{"line":19,"column":2},"end":{"line":19,"column":31}},"10":{"start":{"line":12,"column":13},"end":{"line":12,"column":27}},"11":{"start":{"line":22,"column":30},"end":{"line":34,"column":2}},"12":{"start":{"line":25,"column":19},"end":{"line":34,"column":2}},"13":{"start":{"line":26,"column":17},"end":{"line":26,"column":27}},"14":{"start":{"line":27,"column":18},"end":{"line":27,"column":44}},"15":{"start":{"line":29,"column":2},"end":{"line":32,"column":3}},"16":{"start":{"line":30,"column":4},"end":{"line":30,"column":57}},"17":{"start":{"line":31,"column":4},"end":{"line":31,"column":11}},"18":{"start":{"line":33,"column":2},"end":{"line":33,"column":30}},"19":{"start":{"line":22,"column":13},"end":{"line":22,"column":30}},"20":{"start":{"line":36,"column":29},"end":{"line":51,"column":2}},"21":{"start":{"line":36,"column":67},"end":{"line":51,"column":2}},"22":{"start":{"line":37,"column":2},"end":{"line":50,"column":20}},"23":{"start":{"line":38,"column":19},"end":{"line":38,"column":29}},"24":{"start":{"line":39,"column":20},"end":{"line":39,"column":46}},"25":{"start":{"line":41,"column":4},"end":{"line":44,"column":5}},"26":{"start":{"line":42,"column":6},"end":{"line":42,"column":59}},"27":{"start":{"line":43,"column":6},"end":{"line":43,"column":13}},"28":{"start":{"line":47,"column":4},"end":{"line":47,"column":35}},"29":{"start":{"line":48,"column":4},"end":{"line":48,"column":25}},"30":{"start":{"line":49,"column":4},"end":{"line":49,"column":32}},"31":{"start":{"line":36,"column":13},"end":{"line":36,"column":29}},"32":{"start":{"line":53,"column":34},"end":{"line":66,"column":2}},"33":{"start":{"line":53,"column":72},"end":{"line":66,"column":2}},"34":{"start":{"line":54,"column":17},"end":{"line":54,"column":27}},"35":{"start":{"line":55,"column":18},"end":{"line":55,"column":44}},"36":{"start":{"line":57,"column":2},"end":{"line":60,"column":3}},"37":{"start":{"line":58,"column":4},"end":{"line":58,"column":57}},"38":{"start":{"line":59,"column":4},"end":{"line":59,"column":11}},"39":{"start":{"line":63,"column":2},"end":{"line":63,"column":58}},"40":{"start":{"line":64,"column":2},"end":{"line":64,"column":23}},"41":{"start":{"line":65,"column":2},"end":{"line":65,"column":30}},"42":{"start":{"line":53,"column":13},"end":{"line":53,"column":34}},"43":{"start":{"line":68,"column":29},"end":{"line":80,"column":2}},"44":{"start":{"line":68,"column":67},"end":{"line":80,"column":2}},"45":{"start":{"line":69,"column":17},"end":{"line":69,"column":27}},"46":{"start":{"line":70,"column":18},"end":{"line":70,"column":44}},"47":{"start":{"line":72,"column":2},"end":{"line":75,"column":3}},"48":{"start":{"line":73,"column":4},"end":{"line":73,"column":57}},"49":{"start":{"line":74,"column":4},"end":{"line":74,"column":11}},"50":{"start":{"line":78,"column":2},"end":{"line":78,"column":26}},"51":{"start":{"line":79,"column":2},"end":{"line":79,"column":53}},"52":{"start":{"line":68,"column":13},"end":{"line":68,"column":29}}},"fnMap":{"0":{"name":"(anonymous_8)","decl":{"start":{"line":4,"column":29},"end":{"line":4,"column":null}},"loc":{"start":{"line":7,"column":19},"end":{"line":10,"column":2}}},"1":{"name":"(anonymous_9)","decl":{"start":{"line":7,"column":19},"end":{"line":7,"column":null}},"loc":{"start":{"line":7,"column":19},"end":{"line":10,"column":1}}},"2":{"name":"(anonymous_10)","decl":{"start":{"line":12,"column":27},"end":{"line":12,"column":null}},"loc":{"start":{"line":15,"column":19},"end":{"line":20,"column":2}}},"3":{"name":"(anonymous_11)","decl":{"start":{"line":15,"column":19},"end":{"line":15,"column":null}},"loc":{"start":{"line":15,"column":19},"end":{"line":20,"column":1}}},"4":{"name":"(anonymous_12)","decl":{"start":{"line":22,"column":30},"end":{"line":22,"column":null}},"loc":{"start":{"line":25,"column":19},"end":{"line":34,"column":2}}},"5":{"name":"(anonymous_13)","decl":{"start":{"line":25,"column":19},"end":{"line":25,"column":null}},"loc":{"start":{"line":25,"column":19},"end":{"line":34,"column":1}}},"6":{"name":"(anonymous_14)","decl":{"start":{"line":36,"column":29},"end":{"line":36,"column":36}},"loc":{"start":{"line":36,"column":67},"end":{"line":51,"column":2}}},"7":{"name":"(anonymous_15)","decl":{"start":{"line":36,"column":67},"end":{"line":36,"column":null}},"loc":{"start":{"line":36,"column":67},"end":{"line":51,"column":1}}},"8":{"name":"(anonymous_16)","decl":{"start":{"line":53,"column":34},"end":{"line":53,"column":41}},"loc":{"start":{"line":53,"column":72},"end":{"line":66,"column":2}}},"9":{"name":"(anonymous_17)","decl":{"start":{"line":53,"column":72},"end":{"line":53,"column":null}},"loc":{"start":{"line":53,"column":72},"end":{"line":66,"column":1}}},"10":{"name":"(anonymous_18)","decl":{"start":{"line":68,"column":29},"end":{"line":68,"column":36}},"loc":{"start":{"line":68,"column":67},"end":{"line":80,"column":2}}},"11":{"name":"(anonymous_19)","decl":{"start":{"line":68,"column":67},"end":{"line":68,"column":null}},"loc":{"start":{"line":68,"column":67},"end":{"line":80,"column":1}}}},"branchMap":{"0":{"loc":{"start":{"line":29,"column":2},"end":{"line":32,"column":3}},"type":"if","locations":[{"start":{"line":29,"column":2},"end":{"line":32,"column":3}}]},"1":{"loc":{"start":{"line":41,"column":4},"end":{"line":44,"column":5}},"type":"if","locations":[{"start":{"line":41,"column":4},"end":{"line":44,"column":5}}]},"2":{"loc":{"start":{"line":57,"column":2},"end":{"line":60,"column":3}},"type":"if","locations":[{"start":{"line":57,"column":2},"end":{"line":60,"column":3}}]},"3":{"loc":{"start":{"line":72,"column":2},"end":{"line":75,"column":3}},"type":"if","locations":[{"start":{"line":72,"column":2},"end":{"line":75,"column":3}}]}},"s":{"0":2,"1":2,"2":1,"3":1,"4":1,"5":2,"6":2,"7":2,"8":2,"9":2,"10":2,"11":2,"12":2,"13":2,"14":2,"15":2,"16":1,"17":1,"18":1,"19":2,"20":2,"21":2,"22":2,"23":2,"24":2,"25":2,"26":1,"27":1,"28":1,"29":1,"30":1,"31":2,"32":2,"33":2,"34":2,"35":2,"36":2,"37":1,"38":1,"39":1,"40":1,"41":1,"42":2,"43":2,"44":2,"45":2,"46":2,"47":2,"48":1,"49":1,"50":1,"51":1,"52":2},"f":{"0":1,"1":1,"2":2,"3":2,"4":2,"5":2,"6":2,"7":2,"8":2,"9":2,"10":2,"11":2},"b":{"0":[1],"1":[1],"2":[1],"3":[1]}}
,"C:\\Users\\PC DBN\\Desktop\\programming\\unfinished\\rest_api_node_ts_server\\src\\middleware\\index.ts": {"path":"C:\\Users\\PC DBN\\Desktop\\programming\\unfinished\\rest_api_node_ts_server\\src\\middleware\\index.ts","statementMap":{"0":{"start":{"line":1,"column":0},"end":{"line":1,"column":53}},"1":{"start":{"line":4,"column":33},"end":{"line":16,"column":1}},"2":{"start":{"line":9,"column":15},"end":{"line":9,"column":36}},"3":{"start":{"line":11,"column":2},"end":{"line":14,"column":3}},"4":{"start":{"line":12,"column":4},"end":{"line":12,"column":53}},"5":{"start":{"line":13,"column":4},"end":{"line":13,"column":11}},"6":{"start":{"line":15,"column":2},"end":{"line":15,"column":9}},"7":{"start":{"line":4,"column":13},"end":{"line":4,"column":33}}},"fnMap":{"0":{"name":"(anonymous_0)","decl":{"start":{"line":4,"column":33},"end":{"line":4,"column":null}},"loc":{"start":{"line":8,"column":4},"end":{"line":16,"column":1}}}},"branchMap":{"0":{"loc":{"start":{"line":11,"column":2},"end":{"line":14,"column":3}},"type":"if","locations":[{"start":{"line":11,"column":2},"end":{"line":14,"column":3}}]}},"s":{"0":2,"1":2,"2":16,"3":16,"4":7,"5":7,"6":9,"7":2},"f":{"0":16},"b":{"0":[7]}}
,"C:\\Users\\PC DBN\\Desktop\\programming\\unfinished\\rest_api_node_ts_server\\src\\models\\Product.model.ts": {"path":"C:\\Users\\PC DBN\\Desktop\\programming\\unfinished\\rest_api_node_ts_server\\src\\models\\Product.model.ts","statementMap":{"0":{"start":{"line":1,"column":0},"end":{"line":1,"column":79}},"1":{"start":{"line":6,"column":0},"end":{"line":22,"column":null}},"2":{"start":{"line":10,"column":10},"end":{"line":10,"column":null}},"3":{"start":{"line":15,"column":10},"end":{"line":15,"column":null}},"4":{"start":{"line":21,"column":10},"end":{"line":21,"column":null}},"5":{"start":{"line":6,"column":6},"end":{"line":22,"column":null}},"6":{"start":{"line":23,"column":0},"end":{"line":23,"column":23}}},"fnMap":{},"branchMap":{},"s":{"0":3,"1":3,"2":3,"3":3,"4":3,"5":3,"6":3},"f":{},"b":{}}
}
