TN:
SF:src\router.ts
FN:32,(anonymous_0)
FN:47,(anonymous_1)
FNF:2
FNH:2
FNDA:4,(anonymous_0)
FNDA:4,(anonymous_1)
DA:1,2
DA:2,2
DA:10,2
DA:11,2
DA:13,2
DA:16,2
DA:17,2
DA:24,2
DA:32,4
DA:38,2
DA:47,4
DA:56,2
DA:64,2
DA:70,2
LF:14
LH:14
BRF:0
BRH:0
end_of_record
TN:
SF:src\server.ts
FN:6,connectDB
FN:25,(anonymous_10)
FNF:2
FNH:2
FNDA:3,connectDB
FNDA:1,(anonymous_10)
DA:1,2
DA:2,2
DA:3,2
DA:6,2
DA:7,3
DA:8,3
DA:9,2
DA:12,1
DA:15,2
DA:18,2
DA:20,2
DA:22,2
DA:25,2
DA:26,1
DA:28,2
LF:15
LH:15
BRF:0
BRH:0
end_of_record
TN:
SF:src\config\db.ts
FNF:0
FNH:0
DA:1,2
DA:2,2
DA:3,2
DA:5,2
DA:10,2
LF:5
LH:5
BRF:0
BRH:0
end_of_record
TN:
SF:src\handlers\product.ts
FN:4,(anonymous_8)
FN:7,(anonymous_9)
FN:12,(anonymous_10)
FN:15,(anonymous_11)
FN:22,(anonymous_12)
FN:25,(anonymous_13)
FN:36,(anonymous_14)
FN:36,(anonymous_15)
FN:53,(anonymous_16)
FN:53,(anonymous_17)
FN:68,(anonymous_18)
FN:68,(anonymous_19)
FNF:12
FNH:12
FNDA:1,(anonymous_8)
FNDA:1,(anonymous_9)
FNDA:2,(anonymous_10)
FNDA:2,(anonymous_11)
FNDA:2,(anonymous_12)
FNDA:2,(anonymous_13)
FNDA:2,(anonymous_14)
FNDA:2,(anonymous_15)
FNDA:2,(anonymous_16)
FNDA:2,(anonymous_17)
FNDA:2,(anonymous_18)
FNDA:2,(anonymous_19)
DA:2,2
DA:4,2
DA:7,1
DA:8,1
DA:9,1
DA:12,2
DA:15,2
DA:16,2
DA:19,2
DA:22,2
DA:25,2
DA:26,2
DA:27,2
DA:29,2
DA:30,1
DA:31,1
DA:33,1
DA:36,2
DA:37,2
DA:38,2
DA:39,2
DA:41,2
DA:42,1
DA:43,1
DA:47,1
DA:48,1
DA:49,1
DA:53,2
DA:54,2
DA:55,2
DA:57,2
DA:58,1
DA:59,1
DA:63,1
DA:64,1
DA:65,1
DA:68,2
DA:69,2
DA:70,2
DA:72,2
DA:73,1
DA:74,1
DA:78,1
DA:79,1
LF:44
LH:44
BRDA:29,0,0,1
BRDA:41,1,0,1
BRDA:57,2,0,1
BRDA:72,3,0,1
BRF:4
BRH:4
end_of_record
TN:
SF:src\middleware\index.ts
FN:4,(anonymous_0)
FNF:1
FNH:1
FNDA:16,(anonymous_0)
DA:1,2
DA:4,2
DA:9,16
DA:11,16
DA:12,7
DA:13,7
DA:15,9
LF:7
LH:7
BRDA:11,0,0,7
BRF:1
BRH:1
end_of_record
TN:
SF:src\models\Product.model.ts
FNF:0
FNH:0
DA:1,3
DA:6,3
DA:10,3
DA:15,3
DA:21,3
DA:23,3
LF:6
LH:6
BRF:0
BRH:0
end_of_record
